

=== JSON 提取失败 | 时间: 2026-07-22 09:28:50 ===
响应长度: 7972
完整响应:
{
  "test_cases": [
    {
      "id": "TC-001",
      "requirement_id": "REQ-001",
      "objective": "验证黑暗模式跟随系统深色模式自动切换",
      "preconditions": "设备系统支持深色模式，应用已安装并登录",
      "steps": [
        "打开系统设置，将系统外观切换为深色模式",
        "打开应用，观察界面颜色",
        "将系统外观切换回浅色模式",
        "再次观察应用界面颜色"
      ],
      "expected_result": "系统为深色模式时，应用自动切换为黑暗主题；系统为浅色模式时，应用恢复为亮色主题",
      "priority": "高"
    },
    {
      "id": "TC-002",
      "requirement_id": "REQ-001",
      "objective": "验证黑暗模式手动开关功能",
      "preconditions": "设备系统支持深色模式，应用已安装并登录",
      "steps": [
        "进入应用设置页面",
        "找到黑暗模式开关，将其关闭",
        "将系统设置为深色模式",
        "观察应用界面颜色",
        "返回设置页面，开启黑暗模式开关",
        "观察应用界面颜色"
      ],
      "expected_result": "手动关闭黑暗模式后，即使系统为深色模式，应用仍保持亮色；手动开启后，应用切换为黑暗主题",
      "priority": "高"
    },
    {
      "id": "TC-003",
      "requirement_id": "REQ-001",
      "objective": "验证iOS实时活动在锁屏和灵动岛显示订单进度",
      "preconditions": "iOS设备（支持灵动岛），应用已授权通知和实时活动权限，已下单",
      "steps": [
        "在应用中下单并支付",
        "锁定设备屏幕",
        "观察锁屏界面是否显示订单进度",
        "解锁设备，查看灵动岛区域（如有）是否显示订单进度",
        "更新订单状态（如商家接单、配送中）",
        "再次观察锁屏和灵动岛更新情况"
      ],
      "expected_result": "锁屏界面和灵动岛区域显示订单实时进度，状态更新后内容同步刷新",
      "priority": "高"
    },
    {
      "id": "TC-004",
      "requirement_id": "REQ-001",
      "objective": "验证取餐码在订单详情页和通知中显示并支持复制",
      "preconditions": "用户已下单且订单状态为待取餐",
      "steps": [
        "打开订单详情页",
        "查看取餐码是否清晰显示",
        "点击取餐码复制按钮",
        "打开备忘录，粘贴内容",
        "查看订单通知（推送通知或应用内通知）",
        "确认通知中是否包含取餐码"
      ],
      "expected_result": "订单详情页和通知中均显示取餐码，复制后粘贴内容正确",
      "priority": "高"
    },
    {
      "id": "TC-005",
      "requirement_id": "REQ-001",
      "objective": "验证Apple Wallet凭证集成功能",
      "preconditions": "iOS设备，应用已登录，已下单",
      "steps": [
        "在订单详情页点击添加到Apple Wallet",
        "确认系统弹出Wallet添加界面",
        "完成添加操作",
        "打开Wallet应用，查看凭证是否存在",
        "点击凭证，查看订单信息是否正确"
      ],
      "expected_result": "订单凭证成功添加到Apple Wallet，信息准确，可正常查看",
      "priority": "中"
    },
    {
      "id": "TC-006",
      "requirement_id": "REQ-001",
      "objective": "验证英文语言切换功能",
      "preconditions": "应用已安装，未登录",
      "steps": [
        "打开应用设置页面",
        "找到语言切换选项，选择English",
        "确认应用界面语言变为英文",
        "浏览首页、订单页、个人中心等页面",
        "切换回中文，确认恢复"
      ],
      "expected_result": "应用所有界面文字切换为英文，切换回中文后恢复",
      "priority": "中"
    },
    {
      "id": "TC-007",
      "requirement_id": "REQ-002",
      "objective": "验证手机号登录后不强制绑定微信",
      "preconditions": "应用已安装，未登录，手机号未绑定微信",
      "steps": [
        "选择手机号登录，输入手机号并获取验证码",
        "输入验证码登录成功",
        "观察是否弹出绑定微信提示",
        "如果有提示，点击跳过或取消",
        "确认应用正常进入首页，功能可用"
      ],
      "expected_result": "登录成功后不强制绑定微信，用户可跳过，正常使用应用",
      "priority": "高"
    },
    {
      "id": "TC-008",
      "requirement_id": "REQ-002",
      "objective": "验证海外手机号注册/登录后支付流程正常",
      "preconditions": "海外手机号（非+86），应用已安装，未登录",
      "steps": [
        "使用海外手机号注册/登录",
        "进入商品详情页，添加商品到购物车",
        "进入结算页面，选择支付方式（国际信用卡）",
        "完成支付流程",
        "确认订单状态为已支付"
      ],
      "expected_result": "海外手机号用户可正常完成支付，无验证失败或系统错误",
      "priority": "高"
    },
    {
      "id": "TC-009",
      "requirement_id": "REQ-002",
      "objective": "验证支付页面支持国际信用卡及常见海外支付方式",
      "preconditions": "用户已登录，购物车有商品",
      "steps": [
        "进入结算页面",
        "查看支付方式列表",
        "确认包含Visa、Mastercard等国际信用卡选项",
        "选择国际信用卡，输入卡号等信息",
        "完成支付"
      ],
      "expected_result": "支付页面显示国际信用卡及常见海外支付方式，支付成功",
      "priority": "高"
    },
    {
      "id": "TC-010",
      "requirement_id": "REQ-003",
      "objective": "验证付费服务开通前弹出费用说明及主动勾选同意框",
      "preconditions": "用户已登录，未开通美团月付",
      "steps": [
        "进入美团月付开通页面",
        "观察是否弹出费用说明弹窗",
        "确认勾选同意框默认未勾选",
        "不勾选直接点击开通",
        "勾选同意框后点击开通"
      ],
      "expected_result": "开通前弹出费用说明，勾选同意框默认未勾选，不勾选无法开通，勾选后可开通",
      "priority": "高"
    },
    {
      "id": "TC-011",
      "requirement_id": "REQ-003",
      "objective": "验证开通流程中无误导性文案或隐藏取消选项",
      "preconditions": "用户已登录，未开通美团月付",
      "steps": [
        "进入美团月付开通流程",
        "逐页检查文案，确认无误导性表述",
        "检查每个页面是否有明显的取消或返回按钮",
        "点击取消按钮，确认退出流程"
      ],
      "expected_result": "文案清晰无误导，取消选项明显可见，可随时退出",
      "priority": "高"
    },
    {
      "id": "TC-012",
      "requirement_id": "REQ-003",
      "objective": "验证退款申请24小时内响应，72小时内处理完成",
      "preconditions": "用户已开通付费服务并产生扣费",
      "steps": [
        "提交退款申请",
        "记录申请时间",
        "等待客服响应，记录响应时间",
        "等待处理完成，记录完成时间"
      ],
      "expected_result": "客服在24小时内响应，72小时内完成退款处理",
      "priority": "高"
    },
    {
      "id": "TC-013",
      "requirement_id": "REQ-004",
      "objective": "验证分享功能在主流机型上不闪退",
      "preconditions": "iOS 15+/Android 11+设备，应用已安装并登录",
      "steps": [
        "打开应用，选择一个商品",
        "点击分享按钮，选择微信分享",
        "确认分享成功且应用无闪退",
        "重复分享至朋友圈、微博等渠道",
        "连续操作10次"
      ],
      "expected_result": "所有分享操作均成功，应用无闪退",
      "priority": "高"
    },
    {
      "id": "TC-014",
      "requirement_id": "REQ-004",
      "objective": "验证闪退日志中不再出现分享模块崩溃记录",
      "preconditions": "设备已接入崩溃日志收集系统",
      "steps": [
        "执行TC-013的测试步骤",
        "收集设备上的崩溃日志",
        "分析日志中是否包含分享模块相关崩溃"
      ],
      "expected_result": "日志中无分享模块相关的崩溃记录",
      "priority": "中"
    },
    {
      "id": "TC-015",
      "requirement_id": "REQ-005",
      "objective": "验证应用连续使用10分钟后温度降低至少3℃",
      "preconditions": "主流中端机型，应用已安装，室温恒定",
      "steps": [
        "记录设备初始温度",
        "打开应用，连续使用10分钟（浏览、下单等操作）",
        "测量设备温度",
        "对比优化前后的温度数据"
      ],
      "expected_result": "设备温度较优化前降低至少3℃",
      "priority": "高"
    },
    {
      "id": "TC-016",
      "requirement_id": "REQ-005",
      "objective": "验证页面切换响应时间不超过1秒",
      "preconditions": "应用已安装并登录",
      "steps": [
        "打开应用，从首页点击进入商品列表",
        "使用计时工具记录从点击到内容显示的时间",
        "重复测试不同页面切换（如首页到订单页）",
        "记录所有切换时间"
      ],
      "expected_result": "所有页面切换响应时间不超过1秒",
      "priority": "高"
    },
    {
      "id": "TC-017",
      "requirement_id": "REQ-005",
      "objective": "验证应用启动时间缩短至3秒以内",
      "preconditions": "应用已安装，设备无后台应用",
      "steps": [
        "关闭应用后台进程",
        "点击应用图标启动",
        "使用计时工具记录从点击到首页完全加载的时间",
        "重复测试3次取平均值"
      ],
      "expected_result": "应用启动时间不超过3秒",
      "priority": "高"
    },
    {
      "id": "TC-018",
      "requirement_id": "REQ-006",
      "objective": "验证所有用户可从首页或个人中心找到积分/任务入口",
      "preconditions": "用户已登录，账户状态正常",
      "steps": [
        "打开应用首页",
        "检查首页是否有积分/任务入口图标",
        "点击入口，确认跳转正常",
        "进入个人中心页面",
        "检查是否有积分/任务入口",
        "点击进入，确认正常"
      ],
      "expected_result": "首页和个人中心均有积分/任务入口，点击后正常跳转",
      "priority": "高"
    },
    {
      "id": "TC-019",
      "requirement_id": "REQ-006",
      "objective": "验证任务列表正常加载，无空页面或错误提示",
      "preconditions": "用户已登录，积分/任务入口可用",
      "steps": [
        "从首页进入积分/任务页面",
        "观察任务列表是否完整加载",
        "检查是否有空页面或错误提示",
        "点击一个任务，查看详情"
      ],
      "expected_result": "任务列表正常显示，无空页面或错误提示",
      "priority": "高"
    },
    {
      "id": "TC-020",
      "requirement_id": "REQ-006",
      "objective": "验证任务完成和积分到账流程正常",
      "preconditions": "用户已登录，有可完成的任务",
      "steps": [
        "完成一个任务（如签到）",
        "观察积分是否立即到账",
        "查看积分记录确认数据正确",
        "连续完成多个任务，确认无数据丢失"
      ],
      "expected_result": "任务完成后积分立即到账，记录准确，无数据丢失",
      "priority": "高"
    },
    {
      "id": "TC-021",
      "requirement_id": "REQ-007",
      "objective": "验证小区内部定位误差不超过20米",
      "preconditions": "设备GPS和WiFi开启，位于小区内部",
      "steps": [
        "打开应用定位功能",
        "记录应用显示的定位点",
        "使用高精度GPS设备测量实际位置",
        "计算两者距离误差"
      ],
      "expected_result": "定位误差不超过20米",
      "priority": "高"
    },
    {
      "id": "TC-022",
      "requirement_id": "REQ-007",
      "objective": "验证商场等密集场景定位准确率提升至95%以上",
      "preconditions": "设备位于商场内部，GPS和WiFi开启",
      "steps": [
        "打开应用定位功能",
        "随机选取20个测试点",
        "记录每个点的定位结果",
        "
================================================================================
